<?xml version="1.0" encoding="UTF-8"?>
<!-- Generated by org.testng.reporters.JUnitReportReporter -->
<testsuite hostname="LTIN183816" failures="0" tests="4" name="testing.TC003_Set_Wrong_Details" time="13.614" errors="0" timestamp="2024-02-28T15:22:29 IST" skipped="0">
  <testcase classname="testing.TC003_Set_Wrong_Details" name="ScrollTo" time="10.103"/>
  <testcase classname="testing.TC003_Set_Wrong_Details" name="set_Wrong_Details" time="1.139"/>
  <testcase classname="testing.TC003_Set_Wrong_Details" name="buttonDisplayed" time="0.040"/>
  <testcase classname="testing.TC003_Set_Wrong_Details" name="clearFields" time="2.332"/>
</testsuite> <!-- testing.TC003_Set_Wrong_Details -->
