<?xml version="1.0" encoding="UTF-8"?>
<!-- Generated by org.testng.reporters.JUnitReportReporter -->
<testsuite hostname="LTIN183816" failures="0" tests="3" name="testing.TC002_Surgeries" time="59.257" errors="0" timestamp="2024-02-28T15:22:29 IST" skipped="0">
  <testcase classname="testing.TC002_Surgeries" name="ScrollDown" time="10.133"/>
  <testcase classname="testing.TC002_Surgeries" name="get_Surgeries_List" time="1.461"/>
  <testcase classname="testing.TC002_Surgeries" name="clickOnForm" time="47.663"/>
</testsuite> <!-- testing.TC002_Surgeries -->
